<?xml version="1.0" encoding="UTF-8"?>
<!-- Generated by org.testng.reporters.JUnitXMLReporter -->
<testsuite ignored="0" hostname="SANFORD-QA4L" failures="0" tests="10" name="Default test" time="18.067" errors="0" timestamp="2023-09-13T16:20:46 IST">
  <testcase classname="project.test.DDTests" name="testPostUser" time="2.504"/>
  <testcase classname="project.test.DDTests" name="testPostUser" time="1.422"/>
  <testcase classname="project.test.DDTests" name="testPostUser" time="1.401"/>
  <testcase classname="project.test.DDTests" name="testPostUser" time="1.385"/>
  <testcase classname="project.test.DDTests" name="testPostUser" time="1.391"/>
  <testcase classname="project.test.DDTests" name="testDeleteUser" time="1.417"/>
  <testcase classname="project.test.DDTests" name="testDeleteUser" time="1.392"/>
  <testcase classname="project.test.DDTests" name="testDeleteUser" time="1.391"/>
  <testcase classname="project.test.DDTests" name="testDeleteUser" time="1.427"/>
  <testcase classname="project.test.DDTests" name="testDeleteUser" time="1.444"/>
</testsuite> <!-- Default test -->
