<?xml version="1.0" encoding="UTF-8"?>
<!-- Generated by org.testng.reporters.JUnitXMLReporter -->
<testsuite ignored="0" hostname="SANFORD-QA4L" failures="2" tests="6" name="UsersTest" time="8.212" errors="0" timestamp="2023-09-13T16:11:47 IST">
  <testcase classname="project.test.UserTests" name="testPostUserAPI" time="2.613"/>
  <testcase classname="project.test.UserTests" name="testGetUserNameAPI" time="1.661"/>
  <testcase classname="project.test.UserTests" name="updateUserByNameAPI" time="1.699"/>
  <testcase classname="project.test.UserTests" name="testDeleteByUserName" time="1.635"/>
  <testcase classname="project.test.DDTests" name="testPostUser" time="0.0">
    <failure type="org.testng.TestNGException" message="
Method public void project.test.DDTests.testPostUser(java.lang.String,java.lang.String,java.lang.String,java.lang.String,java.lang.String,java.lang.String,java.lang.String) requires a @DataProvider named : getAllData in class project.utilities.DataProviders">
      <![CDATA[org.testng.TestNGException: 
Method public void project.test.DDTests.testPostUser(java.lang.String,java.lang.String,java.lang.String,java.lang.String,java.lang.String,java.lang.String,java.lang.String) requires a @DataProvider named : getAllData in class project.utilities.DataProviders
at java.base/java.util.ArrayList.forEach(ArrayList.java:1511)
... Removed 24 stack frames]]>
    </failure>
  </testcase> <!-- testPostUser -->
  <testcase classname="project.test.DDTests" name="testDeleteUser" time="0.0">
    <failure type="org.testng.TestNGException" message="
Method public void project.test.DDTests.testDeleteUser(java.lang.String) requires a @DataProvider named : UserNames in class project.utilities.DataProviders">
      <![CDATA[org.testng.TestNGException: 
Method public void project.test.DDTests.testDeleteUser(java.lang.String) requires a @DataProvider named : UserNames in class project.utilities.DataProviders
at java.base/java.util.ArrayList.forEach(ArrayList.java:1511)
... Removed 24 stack frames]]>
    </failure>
  </testcase> <!-- testDeleteUser -->
</testsuite> <!-- UsersTest -->
