<?xml version="1.0" encoding="UTF-8"?>
<testng-results ignored="0" total="10" passed="10" failed="0" skipped="0">
  <reporter-output>
  </reporter-output>
  <suite started-at="2023-09-13T16:20:28 IST" name="Default suite" finished-at="2023-09-13T16:20:46 IST" duration-ms="18067">
    <groups>
    </groups>
    <test started-at="2023-09-13T16:20:28 IST" name="Default test" finished-at="2023-09-13T16:20:46 IST" duration-ms="18067">
      <class name="project.test.DDTests">
        <test-method signature="testPostUser(java.lang.String,java.lang.String,java.lang.String,java.lang.String,java.lang.String,java.lang.String,java.lang.String)[pri:1, instance:project.test.DDTests@4b213651]" started-at="2023-09-13T16:20:30 IST" name="testPostUser" data-provider="AllData" finished-at="2023-09-13T16:20:33 IST" duration-ms="2504" status="PASS">
          <params>
            <param index="0">
              <value>
                <![CDATA[1001]]>
              </value>
            </param>
            <param index="1">
              <value>
                <![CDATA[johndoe]]>
              </value>
            </param>
            <param index="2">
              <value>
                <![CDATA[john]]>
              </value>
            </param>
            <param index="3">
              <value>
                <![CDATA[doe]]>
              </value>
            </param>
            <param index="4">
              <value>
                <![CDATA[johndoe@example.com]]>
              </value>
            </param>
            <param index="5">
              <value>
                <![CDATA[Password123]]>
              </value>
            </param>
            <param index="6">
              <value>
                <![CDATA[555-123-4567 ]]>
              </value>
            </param>
          </params>
          <reporter-output>
          </reporter-output>
        </test-method> <!-- testPostUser -->
        <test-method signature="testPostUser(java.lang.String,java.lang.String,java.lang.String,java.lang.String,java.lang.String,java.lang.String,java.lang.String)[pri:1, instance:project.test.DDTests@4b213651]" started-at="2023-09-13T16:20:33 IST" name="testPostUser" data-provider="AllData" finished-at="2023-09-13T16:20:34 IST" duration-ms="1422" status="PASS">
          <params>
            <param index="0">
              <value>
                <![CDATA[1002]]>
              </value>
            </param>
            <param index="1">
              <value>
                <![CDATA[janesmith]]>
              </value>
            </param>
            <param index="2">
              <value>
                <![CDATA[jane]]>
              </value>
            </param>
            <param index="3">
              <value>
                <![CDATA[smith]]>
              </value>
            </param>
            <param index="4">
              <value>
                <![CDATA[janesmith@example.com]]>
              </value>
            </param>
            <param index="5">
              <value>
                <![CDATA[Secret789]]>
              </value>
            </param>
            <param index="6">
              <value>
                <![CDATA[555-987-6543]]>
              </value>
            </param>
          </params>
          <reporter-output>
          </reporter-output>
        </test-method> <!-- testPostUser -->
        <test-method signature="testPostUser(java.lang.String,java.lang.String,java.lang.String,java.lang.String,java.lang.String,java.lang.String,java.lang.String)[pri:1, instance:project.test.DDTests@4b213651]" started-at="2023-09-13T16:20:34 IST" name="testPostUser" data-provider="AllData" finished-at="2023-09-13T16:20:36 IST" duration-ms="1401" status="PASS">
          <params>
            <param index="0">
              <value>
                <![CDATA[1003]]>
              </value>
            </param>
            <param index="1">
              <value>
                <![CDATA[mikejohnson]]>
              </value>
            </param>
            <param index="2">
              <value>
                <![CDATA[mike]]>
              </value>
            </param>
            <param index="3">
              <value>
                <![CDATA[johnson]]>
              </value>
            </param>
            <param index="4">
              <value>
                <![CDATA[mikejohnson@example.com]]>
              </value>
            </param>
            <param index="5">
              <value>
                <![CDATA[Secure456]]>
              </value>
            </param>
            <param index="6">
              <value>
                <![CDATA[555-123-4568]]>
              </value>
            </param>
          </params>
          <reporter-output>
          </reporter-output>
        </test-method> <!-- testPostUser -->
        <test-method signature="testPostUser(java.lang.String,java.lang.String,java.lang.String,java.lang.String,java.lang.String,java.lang.String,java.lang.String)[pri:1, instance:project.test.DDTests@4b213651]" started-at="2023-09-13T16:20:36 IST" name="testPostUser" data-provider="AllData" finished-at="2023-09-13T16:20:37 IST" duration-ms="1385" status="PASS">
          <params>
            <param index="0">
              <value>
                <![CDATA[1004]]>
              </value>
            </param>
            <param index="1">
              <value>
                <![CDATA[amycarter]]>
              </value>
            </param>
            <param index="2">
              <value>
                <![CDATA[amy]]>
              </value>
            </param>
            <param index="3">
              <value>
                <![CDATA[carter]]>
              </value>
            </param>
            <param index="4">
              <value>
                <![CDATA[amycarter@example.com]]>
              </value>
            </param>
            <param index="5">
              <value>
                <![CDATA[Confidential987]]>
              </value>
            </param>
            <param index="6">
              <value>
                <![CDATA[555-987-6544]]>
              </value>
            </param>
          </params>
          <reporter-output>
          </reporter-output>
        </test-method> <!-- testPostUser -->
        <test-method signature="testPostUser(java.lang.String,java.lang.String,java.lang.String,java.lang.String,java.lang.String,java.lang.String,java.lang.String)[pri:1, instance:project.test.DDTests@4b213651]" started-at="2023-09-13T16:20:37 IST" name="testPostUser" data-provider="AllData" finished-at="2023-09-13T16:20:39 IST" duration-ms="1391" status="PASS">
          <params>
            <param index="0">
              <value>
                <![CDATA[1005]]>
              </value>
            </param>
            <param index="1">
              <value>
                <![CDATA[chrisharris]]>
              </value>
            </param>
            <param index="2">
              <value>
                <![CDATA[chris]]>
              </value>
            </param>
            <param index="3">
              <value>
                <![CDATA[harris]]>
              </value>
            </param>
            <param index="4">
              <value>
                <![CDATA[chrisharris@example.com]]>
              </value>
            </param>
            <param index="5">
              <value>
                <![CDATA[Hidden321]]>
              </value>
            </param>
            <param index="6">
              <value>
                <![CDATA[555-123-4568]]>
              </value>
            </param>
          </params>
          <reporter-output>
          </reporter-output>
        </test-method> <!-- testPostUser -->
        <test-method signature="testDeleteUser(java.lang.String)[pri:2, instance:project.test.DDTests@4b213651]" started-at="2023-09-13T16:20:39 IST" name="testDeleteUser" data-provider="getUserNames" finished-at="2023-09-13T16:20:40 IST" duration-ms="1417" status="PASS">
          <params>
            <param index="0">
              <value>
                <![CDATA[johndoe]]>
              </value>
            </param>
          </params>
          <reporter-output>
          </reporter-output>
        </test-method> <!-- testDeleteUser -->
        <test-method signature="testDeleteUser(java.lang.String)[pri:2, instance:project.test.DDTests@4b213651]" started-at="2023-09-13T16:20:40 IST" name="testDeleteUser" data-provider="getUserNames" finished-at="2023-09-13T16:20:42 IST" duration-ms="1392" status="PASS">
          <params>
            <param index="0">
              <value>
                <![CDATA[janesmith]]>
              </value>
            </param>
          </params>
          <reporter-output>
          </reporter-output>
        </test-method> <!-- testDeleteUser -->
        <test-method signature="testDeleteUser(java.lang.String)[pri:2, instance:project.test.DDTests@4b213651]" started-at="2023-09-13T16:20:42 IST" name="testDeleteUser" data-provider="getUserNames" finished-at="2023-09-13T16:20:43 IST" duration-ms="1391" status="PASS">
          <params>
            <param index="0">
              <value>
                <![CDATA[mikejohnson]]>
              </value>
            </param>
          </params>
          <reporter-output>
          </reporter-output>
        </test-method> <!-- testDeleteUser -->
        <test-method signature="testDeleteUser(java.lang.String)[pri:2, instance:project.test.DDTests@4b213651]" started-at="2023-09-13T16:20:43 IST" name="testDeleteUser" data-provider="getUserNames" finished-at="2023-09-13T16:20:44 IST" duration-ms="1427" status="PASS">
          <params>
            <param index="0">
              <value>
                <![CDATA[amycarter]]>
              </value>
            </param>
          </params>
          <reporter-output>
          </reporter-output>
        </test-method> <!-- testDeleteUser -->
        <test-method signature="testDeleteUser(java.lang.String)[pri:2, instance:project.test.DDTests@4b213651]" started-at="2023-09-13T16:20:44 IST" name="testDeleteUser" data-provider="getUserNames" finished-at="2023-09-13T16:20:46 IST" duration-ms="1444" status="PASS">
          <params>
            <param index="0">
              <value>
                <![CDATA[chrisharris]]>
              </value>
            </param>
          </params>
          <reporter-output>
          </reporter-output>
        </test-method> <!-- testDeleteUser -->
      </class> <!-- project.test.DDTests -->
    </test> <!-- Default test -->
  </suite> <!-- Default suite -->
</testng-results>
